<?xml version="1.0" encoding="UTF-8"?>
<!-- Generated by org.testng.reporters.JUnitXMLReporter -->
<testsuite hostname="SeleniumVirtualBox" name="Packages with subpackages FireFoxTests" tests="2" failures="2" timestamp="3 May 2016 12:11:57 GMT" time="10.094" errors="0">
  <testcase name="" time="9.276" classname="runners.LoginRunner">
    <failure type="cucumber.runtime.CucumberException" message="java.lang.NullPointerException">
      <![CDATA[cucumber.runtime.CucumberException: java.lang.NullPointerException
	at cucumber.api.testng.TestNGCucumberRunner.runCucumber(TestNGCucumberRunner.java:69)
	at cucumber.api.testng.AbstractTestNGCucumberTests.feature(AbstractTestNGCucumberTests.java:21)
	at sun.reflect.NativeMethodAccessorImpl.invoke0(Native Method)
	at sun.reflect.NativeMethodAccessorImpl.invoke(NativeMethodAccessorImpl.java:62)
	at sun.reflect.DelegatingMethodAccessorImpl.invoke(DelegatingMethodAccessorImpl.java:43)
	at java.lang.reflect.Method.invoke(Method.java:498)
	at org.testng.internal.MethodInvocationHelper.invokeMethod(MethodInvocationHelper.java:86)
	at org.testng.internal.Invoker.invokeMethod(Invoker.java:643)
	at org.testng.internal.Invoker.invokeTestMethod(Invoker.java:820)
	at org.testng.internal.Invoker.invokeTestMethods(Invoker.java:1128)
	at org.testng.internal.TestMethodWorker.invokeTestMethods(TestMethodWorker.java:129)
	at org.testng.internal.TestMethodWorker.run(TestMethodWorker.java:112)
	at java.util.concurrent.ThreadPoolExecutor.runWorker(ThreadPoolExecutor.java:1142)
	at java.util.concurrent.ThreadPoolExecutor$Worker.run(ThreadPoolExecutor.java:617)
	at java.lang.Thread.run(Thread.java:745)
Caused by: java.lang.NullPointerException
	at com.swql.myapp.pageobjects.LoginPage.setUsername(LoginPage.java:20)
	at glue.StepDefinitions.I_authenticate_as_admin(StepDefinitions.java:28)
	at ✽.When I authenticate as admin(src/test/resources/test.feature:25)
]]>
    </failure>
  </testcase> <!--  -->
  <testcase name="" time="9.406" classname="runners.LoginRunner">
    <failure type="java.lang.NullPointerException">
      <![CDATA[java.lang.NullPointerException
	at screenshot.Snapshot.takeScreenShot(Snapshot.java:30)
	at screenshot.ScreenshotListener.onTestFailure(ScreenshotListener.java:16)
	at org.testng.internal.Invoker.runTestListeners(Invoker.java:1691)
	at org.testng.internal.Invoker.runTestListeners(Invoker.java:1675)
	at org.testng.internal.Invoker.invokeMethod(Invoker.java:700)
	at org.testng.internal.Invoker.invokeTestMethod(Invoker.java:820)
	at org.testng.internal.Invoker.invokeTestMethods(Invoker.java:1128)
	at org.testng.internal.TestMethodWorker.invokeTestMethods(TestMethodWorker.java:129)
	at org.testng.internal.TestMethodWorker.run(TestMethodWorker.java:112)
	at java.util.concurrent.ThreadPoolExecutor.runWorker(ThreadPoolExecutor.java:1142)
	at java.util.concurrent.ThreadPoolExecutor$Worker.run(ThreadPoolExecutor.java:617)
	at java.lang.Thread.run(Thread.java:745)
]]>
    </failure>
  </testcase> <!--  -->
</testsuite> <!-- Packages with subpackages FireFoxTests -->
